<?xml version="1.0" encoding="utf-8"?>
<TestRun id="bc92e7aa-3549-459f-b904-36a64fcad20c" name="chprajap@CHPRAJAP02 2020-01-20 12:14:52" runUser="FAREAST\chprajap" xmlns="http://microsoft.com/schemas/VisualStudio/TeamTest/2010">
  <Times creation="2020-01-20T12:14:52.7838790+05:30" queuing="2020-01-20T12:14:52.7838809+05:30" start="2020-01-20T12:14:51.5555244+05:30" finish="2020-01-20T12:14:52.8659246+05:30" />
  <TestSettings name="default" id="719f482b-d067-4ad1-8c7d-823fdf1954a8">
    <Deployment runDeploymentRoot="chprajap_CHPRAJAP02_2020-01-20_12_14_52" />
  </TestSettings>
  <Results>
    <UnitTestResult executionId="15efdd96-9c77-4d34-a576-3230aa0a9736" testId="9cf9015a-072a-6bf0-6c78-b6a453e50f4b" testName="DynamicDataTestMethod1" computerName="CHPRAJAP02" duration="00:00:00.0088420" startTime="2020-01-20T12:14:52.5773191+05:30" endTime="2020-01-20T12:14:52.6146652+05:30" testType="13cdc9d9-ddb5-4fa4-a97d-d965ccfc6d4b" outcome="Passed" testListId="8c84fa94-04c1-424b-9868-57a2d4851a1d" relativeResultsDirectory="15efdd96-9c77-4d34-a576-3230aa0a9736" resultType="DataDrivenTest">
      <InnerResults>
        <UnitTestResult executionId="d76e172e-558e-4ba1-a063-22b4420998fb" parentExecutionId="15efdd96-9c77-4d34-a576-3230aa0a9736" testId="9cf9015a-072a-6bf0-6c78-b6a453e50f4b" testName="DynamicDataTestMethod1 (1,2,3)" computerName="CHPRAJAP02" duration="00:00:00.0036982" startTime="2020-01-20T12:14:52.5773191+05:30" endTime="2020-01-20T12:14:52.6146652+05:30" testType="13cdc9d9-ddb5-4fa4-a97d-d965ccfc6d4b" outcome="Passed" testListId="8c84fa94-04c1-424b-9868-57a2d4851a1d" relativeResultsDirectory="d76e172e-558e-4ba1-a063-22b4420998fb" dataRowInfo="1" resultType="DataDrivenDataRow" />
        <UnitTestResult executionId="c4c8c355-ae94-4861-8ac6-1d6c6c4ca9e3" parentExecutionId="15efdd96-9c77-4d34-a576-3230aa0a9736" testId="9cf9015a-072a-6bf0-6c78-b6a453e50f4b" testName="DynamicDataTestMethod1 (4,5,6)" computerName="CHPRAJAP02" duration="00:00:00.0000116" startTime="2020-01-20T12:14:52.5773191+05:30" endTime="2020-01-20T12:14:52.6146652+05:30" testType="13cdc9d9-ddb5-4fa4-a97d-d965ccfc6d4b" outcome="Passed" testListId="8c84fa94-04c1-424b-9868-57a2d4851a1d" relativeResultsDirectory="c4c8c355-ae94-4861-8ac6-1d6c6c4ca9e3" dataRowInfo="2" resultType="DataDrivenDataRow" />
        <UnitTestResult executionId="0e306def-440b-43f8-84a3-076551bafff7" parentExecutionId="15efdd96-9c77-4d34-a576-3230aa0a9736" testId="9cf9015a-072a-6bf0-6c78-b6a453e50f4b" testName="DynamicDataTestMethod1 (7,8,9)" computerName="CHPRAJAP02" duration="00:00:00.0000023" startTime="2020-01-20T12:14:52.5773191+05:30" endTime="2020-01-20T12:14:52.6146652+05:30" testType="13cdc9d9-ddb5-4fa4-a97d-d965ccfc6d4b" outcome="Passed" testListId="8c84fa94-04c1-424b-9868-57a2d4851a1d" relativeResultsDirectory="0e306def-440b-43f8-84a3-076551bafff7" dataRowInfo="3" resultType="DataDrivenDataRow" />
        <UnitTestResult executionId="8e0af5a3-8d17-4364-a4b8-f13662ba9296" parentExecutionId="15efdd96-9c77-4d34-a576-3230aa0a9736" testId="9cf9015a-072a-6bf0-6c78-b6a453e50f4b" testName="DynamicDataTestMethod1 (10,11,12)" computerName="CHPRAJAP02" duration="00:00:00.0000016" startTime="2020-01-20T12:14:52.5773191+05:30" endTime="2020-01-20T12:14:52.6146652+05:30" testType="13cdc9d9-ddb5-4fa4-a97d-d965ccfc6d4b" outcome="Passed" testListId="8c84fa94-04c1-424b-9868-57a2d4851a1d" relativeResultsDirectory="8e0af5a3-8d17-4364-a4b8-f13662ba9296" dataRowInfo="4" resultType="DataDrivenDataRow" />
      </InnerResults>
    </UnitTestResult>
    <UnitTestResult executionId="aff1b826-fdb7-4ae6-8e9f-9930dd7fc821" testId="d2ed1ad4-4ca7-44ac-d491-03ed05162ba2" testName="TestMethod889" computerName="CHPRAJAP02" duration="00:00:00.0000766" startTime="2020-01-20T12:14:52.6821940+05:30" endTime="2020-01-20T12:14:52.6823552+05:30" testType="13cdc9d9-ddb5-4fa4-a97d-d965ccfc6d4b" outcome="Passed" testListId="8c84fa94-04c1-424b-9868-57a2d4851a1d" relativeResultsDirectory="aff1b826-fdb7-4ae6-8e9f-9930dd7fc821">
      <Output>
        <StdOut>Writing something .......</StdOut>
      </Output>
    </UnitTestResult>
    <UnitTestResult executionId="c0e07a07-5fea-409c-9e6a-de846f16cb6c" testId="729e9493-7d0e-f27f-6808-b54fe6b112ce" testName="TestMethod90" computerName="CHPRAJAP02" duration="00:00:00.0000615" startTime="2020-01-20T12:14:52.6823662+05:30" endTime="2020-01-20T12:14:52.6824754+05:30" testType="13cdc9d9-ddb5-4fa4-a97d-d965ccfc6d4b" outcome="Passed" testListId="8c84fa94-04c1-424b-9868-57a2d4851a1d" relativeResultsDirectory="c0e07a07-5fea-409c-9e6a-de846f16cb6c">
      <Output>
        <StdOut>Writing something .......</StdOut>
      </Output>
    </UnitTestResult>
    <UnitTestResult executionId="0559b7c4-7a32-49e8-88e6-0bb72905382b" testId="7700ba1d-c076-470b-3b05-c623aae87664" testName="DynamicDataTestMethod2" computerName="CHPRAJAP02" duration="00:00:00.0003718" startTime="2020-01-20T12:14:52.6223711+05:30" endTime="2020-01-20T12:14:52.6228602+05:30" testType="13cdc9d9-ddb5-4fa4-a97d-d965ccfc6d4b" outcome="Passed" testListId="8c84fa94-04c1-424b-9868-57a2d4851a1d" relativeResultsDirectory="0559b7c4-7a32-49e8-88e6-0bb72905382b" resultType="DataDrivenTest">
      <InnerResults>
        <UnitTestResult executionId="c0a697d1-c497-4e31-803d-53ad86ee108d" parentExecutionId="0559b7c4-7a32-49e8-88e6-0bb72905382b" testId="7700ba1d-c076-470b-3b05-c623aae87664" testName="DynamicDataTestMethod2 (1,2,3)" computerName="CHPRAJAP02" duration="00:00:00.0000863" startTime="2020-01-20T12:14:52.6223711+05:30" endTime="2020-01-20T12:14:52.6228602+05:30" testType="13cdc9d9-ddb5-4fa4-a97d-d965ccfc6d4b" outcome="Passed" testListId="8c84fa94-04c1-424b-9868-57a2d4851a1d" relativeResultsDirectory="c0a697d1-c497-4e31-803d-53ad86ee108d" dataRowInfo="1" resultType="DataDrivenDataRow" />
        <UnitTestResult executionId="31b4e15b-b33b-4f1d-8c67-172ebb8202b5" parentExecutionId="0559b7c4-7a32-49e8-88e6-0bb72905382b" testId="7700ba1d-c076-470b-3b05-c623aae87664" testName="DynamicDataTestMethod2 (4,5,6)" computerName="CHPRAJAP02" duration="00:00:00.0000029" startTime="2020-01-20T12:14:52.6223711+05:30" endTime="2020-01-20T12:14:52.6228602+05:30" testType="13cdc9d9-ddb5-4fa4-a97d-d965ccfc6d4b" outcome="Passed" testListId="8c84fa94-04c1-424b-9868-57a2d4851a1d" relativeResultsDirectory="31b4e15b-b33b-4f1d-8c67-172ebb8202b5" dataRowInfo="2" resultType="DataDrivenDataRow" />
        <UnitTestResult executionId="ffe3fe65-7ad2-4de8-82fd-e48a35dfa460" parentExecutionId="0559b7c4-7a32-49e8-88e6-0bb72905382b" testId="7700ba1d-c076-470b-3b05-c623aae87664" testName="DynamicDataTestMethod2 (7,8,9)" computerName="CHPRAJAP02" duration="00:00:00.0000016" startTime="2020-01-20T12:14:52.6223711+05:30" endTime="2020-01-20T12:14:52.6228602+05:30" testType="13cdc9d9-ddb5-4fa4-a97d-d965ccfc6d4b" outcome="Passed" testListId="8c84fa94-04c1-424b-9868-57a2d4851a1d" relativeResultsDirectory="ffe3fe65-7ad2-4de8-82fd-e48a35dfa460" dataRowInfo="3" resultType="DataDrivenDataRow" />
        <UnitTestResult executionId="2dba15b7-a16b-4518-881c-494337befe4b" parentExecutionId="0559b7c4-7a32-49e8-88e6-0bb72905382b" testId="7700ba1d-c076-470b-3b05-c623aae87664" testName="DynamicDataTestMethod2 (10,11,12)" computerName="CHPRAJAP02" duration="00:00:00.0000015" startTime="2020-01-20T12:14:52.6223711+05:30" endTime="2020-01-20T12:14:52.6228602+05:30" testType="13cdc9d9-ddb5-4fa4-a97d-d965ccfc6d4b" outcome="Passed" testListId="8c84fa94-04c1-424b-9868-57a2d4851a1d" relativeResultsDirectory="2dba15b7-a16b-4518-881c-494337befe4b" dataRowInfo="4" resultType="DataDrivenDataRow" />
        <UnitTestResult executionId="f6478256-52f3-421d-9d9f-8e1b3e034909" parentExecutionId="0559b7c4-7a32-49e8-88e6-0bb72905382b" testId="7700ba1d-c076-470b-3b05-c623aae87664" testName="DynamicDataTestMethod2 (13,14,15)" computerName="CHPRAJAP02" duration="00:00:00.0000014" startTime="2020-01-20T12:14:52.6223711+05:30" endTime="2020-01-20T12:14:52.6228602+05:30" testType="13cdc9d9-ddb5-4fa4-a97d-d965ccfc6d4b" outcome="Passed" testListId="8c84fa94-04c1-424b-9868-57a2d4851a1d" relativeResultsDirectory="f6478256-52f3-421d-9d9f-8e1b3e034909" dataRowInfo="5" resultType="DataDrivenDataRow" />
      </InnerResults>
    </UnitTestResult>
    <UnitTestResult executionId="5b10d28b-395e-4098-b5ef-d07cd0383e4d" testId="2f3373e4-42c4-69c8-4769-ffc104b66af5" testName="TestMethod92" computerName="CHPRAJAP02" duration="00:00:00.0000920" startTime="2020-01-20T12:14:52.6831636+05:30" endTime="2020-01-20T12:14:52.6833601+05:30" testType="13cdc9d9-ddb5-4fa4-a97d-d965ccfc6d4b" outcome="Passed" testListId="8c84fa94-04c1-424b-9868-57a2d4851a1d" relativeResultsDirectory="5b10d28b-395e-4098-b5ef-d07cd0383e4d">
      <Output>
        <StdOut>Writing something .......</StdOut>
      </Output>
    </UnitTestResult>
    <UnitTestResult executionId="7c01c028-ac8a-421b-90e6-cac7dd67769a" testId="875af1b8-212a-bf77-69b3-e188c0e076af" testName="TestMethod88" computerName="CHPRAJAP02" duration="00:00:00.0011090" startTime="2020-01-20T12:14:52.6798715+05:30" endTime="2020-01-20T12:14:52.6812939+05:30" testType="13cdc9d9-ddb5-4fa4-a97d-d965ccfc6d4b" outcome="Passed" testListId="8c84fa94-04c1-424b-9868-57a2d4851a1d" relativeResultsDirectory="7c01c028-ac8a-421b-90e6-cac7dd67769a">
      <Output>
        <StdOut>Trying to print something</StdOut>
      </Output>
    </UnitTestResult>
    <UnitTestResult executionId="8d404195-b2ef-467e-b319-51afaee08ed3" testId="2702bcce-cd17-12a2-1524-fa233585c5f1" testName="TestMethod91" computerName="CHPRAJAP02" duration="00:00:00.0001247" startTime="2020-01-20T12:14:52.6824848+05:30" endTime="2020-01-20T12:14:52.6831420+05:30" testType="13cdc9d9-ddb5-4fa4-a97d-d965ccfc6d4b" outcome="Passed" testListId="8c84fa94-04c1-424b-9868-57a2d4851a1d" relativeResultsDirectory="8d404195-b2ef-467e-b319-51afaee08ed3">
      <Output>
        <StdOut>Writing something .......</StdOut>
      </Output>
    </UnitTestResult>
  </Results>
  <TestDefinitions>
    <UnitTest name="TestMethod91" storage="c:\users\chprajap\source\repos\unittestproject2\unittestproject2\bin\x64\debug\netcoreapp3.1\unittestproject2.dll" id="2702bcce-cd17-12a2-1524-fa233585c5f1">
      <Execution id="8d404195-b2ef-467e-b319-51afaee08ed3" />
      <TestMethod codeBase="C:\Users\chprajap\source\repos\UnitTestProject2\UnitTestProject2\bin\x64\Debug\netcoreapp3.1\UnitTestProject2.dll" adapterTypeName="executor://mstestadapter/v2" className="UnitTestProject2.UnitTest1" name="TestMethod91" />
    </UnitTest>
    <UnitTest name="TestMethod90" storage="c:\users\chprajap\source\repos\unittestproject2\unittestproject2\bin\x64\debug\netcoreapp3.1\unittestproject2.dll" id="729e9493-7d0e-f27f-6808-b54fe6b112ce">
      <Execution id="c0e07a07-5fea-409c-9e6a-de846f16cb6c" />
      <TestMethod codeBase="C:\Users\chprajap\source\repos\UnitTestProject2\UnitTestProject2\bin\x64\Debug\netcoreapp3.1\UnitTestProject2.dll" adapterTypeName="executor://mstestadapter/v2" className="UnitTestProject2.UnitTest1" name="TestMethod90" />
    </UnitTest>
    <UnitTest name="DynamicDataTestMethod1" storage="c:\users\chprajap\source\repos\unittestproject2\unittestproject2\bin\x64\debug\netcoreapp3.1\unittestproject2.dll" id="9cf9015a-072a-6bf0-6c78-b6a453e50f4b">
      <Execution id="15efdd96-9c77-4d34-a576-3230aa0a9736" />
      <TestMethod codeBase="C:\Users\chprajap\source\repos\UnitTestProject2\UnitTestProject2\bin\x64\Debug\netcoreapp3.1\UnitTestProject2.dll" adapterTypeName="executor://mstestadapter/v2" className="UnitTestProject2.TestClass2" name="DynamicDataTestMethod1" />
    </UnitTest>
    <UnitTest name="DynamicDataTestMethod2" storage="c:\users\chprajap\source\repos\unittestproject2\unittestproject2\bin\x64\debug\netcoreapp3.1\unittestproject2.dll" id="7700ba1d-c076-470b-3b05-c623aae87664">
      <Execution id="0559b7c4-7a32-49e8-88e6-0bb72905382b" />
      <TestMethod codeBase="C:\Users\chprajap\source\repos\UnitTestProject2\UnitTestProject2\bin\x64\Debug\netcoreapp3.1\UnitTestProject2.dll" adapterTypeName="executor://mstestadapter/v2" className="UnitTestProject2.TestClass2" name="DynamicDataTestMethod2" />
    </UnitTest>
    <UnitTest name="TestMethod92" storage="c:\users\chprajap\source\repos\unittestproject2\unittestproject2\bin\x64\debug\netcoreapp3.1\unittestproject2.dll" id="2f3373e4-42c4-69c8-4769-ffc104b66af5">
      <Execution id="5b10d28b-395e-4098-b5ef-d07cd0383e4d" />
      <TestMethod codeBase="C:\Users\chprajap\source\repos\UnitTestProject2\UnitTestProject2\bin\x64\Debug\netcoreapp3.1\UnitTestProject2.dll" adapterTypeName="executor://mstestadapter/v2" className="UnitTestProject2.UnitTest1" name="TestMethod92" />
    </UnitTest>
    <UnitTest name="TestMethod88" storage="c:\users\chprajap\source\repos\unittestproject2\unittestproject2\bin\x64\debug\netcoreapp3.1\unittestproject2.dll" id="875af1b8-212a-bf77-69b3-e188c0e076af">
      <Execution id="7c01c028-ac8a-421b-90e6-cac7dd67769a" />
      <TestMethod codeBase="C:\Users\chprajap\source\repos\UnitTestProject2\UnitTestProject2\bin\x64\Debug\netcoreapp3.1\UnitTestProject2.dll" adapterTypeName="executor://mstestadapter/v2" className="UnitTestProject2.UnitTest1" name="TestMethod88" />
    </UnitTest>
    <UnitTest name="TestMethod889" storage="c:\users\chprajap\source\repos\unittestproject2\unittestproject2\bin\x64\debug\netcoreapp3.1\unittestproject2.dll" id="d2ed1ad4-4ca7-44ac-d491-03ed05162ba2">
      <Execution id="aff1b826-fdb7-4ae6-8e9f-9930dd7fc821" />
      <TestMethod codeBase="C:\Users\chprajap\source\repos\UnitTestProject2\UnitTestProject2\bin\x64\Debug\netcoreapp3.1\UnitTestProject2.dll" adapterTypeName="executor://mstestadapter/v2" className="UnitTestProject2.UnitTest1" name="TestMethod889" />
    </UnitTest>
  </TestDefinitions>
  <TestEntries>
    <TestEntry testId="9cf9015a-072a-6bf0-6c78-b6a453e50f4b" executionId="15efdd96-9c77-4d34-a576-3230aa0a9736" testListId="8c84fa94-04c1-424b-9868-57a2d4851a1d" />
    <TestEntry testId="d2ed1ad4-4ca7-44ac-d491-03ed05162ba2" executionId="aff1b826-fdb7-4ae6-8e9f-9930dd7fc821" testListId="8c84fa94-04c1-424b-9868-57a2d4851a1d" />
    <TestEntry testId="729e9493-7d0e-f27f-6808-b54fe6b112ce" executionId="c0e07a07-5fea-409c-9e6a-de846f16cb6c" testListId="8c84fa94-04c1-424b-9868-57a2d4851a1d" />
    <TestEntry testId="7700ba1d-c076-470b-3b05-c623aae87664" executionId="0559b7c4-7a32-49e8-88e6-0bb72905382b" testListId="8c84fa94-04c1-424b-9868-57a2d4851a1d" />
    <TestEntry testId="2f3373e4-42c4-69c8-4769-ffc104b66af5" executionId="5b10d28b-395e-4098-b5ef-d07cd0383e4d" testListId="8c84fa94-04c1-424b-9868-57a2d4851a1d" />
    <TestEntry testId="875af1b8-212a-bf77-69b3-e188c0e076af" executionId="7c01c028-ac8a-421b-90e6-cac7dd67769a" testListId="8c84fa94-04c1-424b-9868-57a2d4851a1d" />
    <TestEntry testId="2702bcce-cd17-12a2-1524-fa233585c5f1" executionId="8d404195-b2ef-467e-b319-51afaee08ed3" testListId="8c84fa94-04c1-424b-9868-57a2d4851a1d" />
  </TestEntries>
  <TestLists>
    <TestList name="Results Not in a List" id="8c84fa94-04c1-424b-9868-57a2d4851a1d" />
    <TestList name="All Loaded Results" id="19431567-8539-422a-85d7-44ee4e166bda" />
  </TestLists>
  <ResultSummary outcome="Completed">
    <Counters total="16" executed="16" passed="16" failed="0" error="0" timeout="0" aborted="0" inconclusive="0" passedButRunAborted="0" notRunnable="0" notExecuted="0" disconnected="0" warning="0" completed="0" inProgress="0" pending="0" />
  </ResultSummary>
</TestRun>